{"/Users/maroh/Documents/GitHub/tobams-academy/backend/src/auth/auth.service.ts": {"path":"/Users/maroh/Documents/GitHub/tobams-academy/backend/src/auth/auth.service.ts","statementMap":{"0":{"start":{"line":1,"column":0},"end":{"line":1,"column":null}},"1":{"start":{"line":6,"column":0},"end":{"line":6,"column":41}},"2":{"start":{"line":7,"column":0},"end":{"line":7,"column":47}},"3":{"start":{"line":8,"column":0},"end":{"line":8,"column":35}},"4":{"start":{"line":9,"column":0},"end":{"line":9,"column":33}},"5":{"start":{"line":10,"column":0},"end":{"line":10,"column":57}},"6":{"start":{"line":11,"column":0},"end":{"line":11,"column":51}},"7":{"start":{"line":16,"column":7},"end":{"line":146,"column":null}},"8":{"start":{"line":18,"column":12},"end":{"line":18,"column":20}},"9":{"start":{"line":19,"column":12},"end":{"line":19,"column":17}},"10":{"start":{"line":20,"column":12},"end":{"line":20,"column":20}},"11":{"start":{"line":21,"column":12},"end":{"line":21,"column":18}},"12":{"start":{"line":25,"column":4},"end":{"line":25,"column":67}},"13":{"start":{"line":29,"column":20},"end":{"line":29,"column":48}},"14":{"start":{"line":30,"column":40},"end":{"line":39,"column":6}},"15":{"start":{"line":40,"column":4},"end":{"line":40,"column":41}},"16":{"start":{"line":44,"column":21},"end":{"line":46,"column":6}},"17":{"start":{"line":47,"column":4},"end":{"line":47,"column":70}},"18":{"start":{"line":47,"column":18},"end":{"line":47,"column":70}},"19":{"start":{"line":49,"column":25},"end":{"line":49,"column":60}},"20":{"start":{"line":50,"column":21},"end":{"line":50,"column":59}},"21":{"start":{"line":51,"column":28},"end":{"line":51,"column":52}},"22":{"start":{"line":53,"column":17},"end":{"line":60,"column":6}},"23":{"start":{"line":62,"column":4},"end":{"line":62,"column":75}},"24":{"start":{"line":64,"column":4},"end":{"line":64,"column":77}},"25":{"start":{"line":68,"column":17},"end":{"line":70,"column":6}},"26":{"start":{"line":71,"column":4},"end":{"line":71,"column":70}},"27":{"start":{"line":71,"column":15},"end":{"line":71,"column":70}},"28":{"start":{"line":73,"column":26},"end":{"line":73,"column":79}},"29":{"start":{"line":74,"column":4},"end":{"line":74,"column":79}},"30":{"start":{"line":74,"column":24},"end":{"line":74,"column":79}},"31":{"start":{"line":76,"column":4},"end":{"line":78,"column":5}},"32":{"start":{"line":77,"column":6},"end":{"line":77,"column":84}},"33":{"start":{"line":80,"column":19},"end":{"line":80,"column":72}},"34":{"start":{"line":81,"column":4},"end":{"line":87,"column":6}},"35":{"start":{"line":91,"column":22},"end":{"line":91,"column":43}},"36":{"start":{"line":92,"column":17},"end":{"line":94,"column":6}},"37":{"start":{"line":95,"column":4},"end":{"line":95,"column":75}},"38":{"start":{"line":95,"column":15},"end":{"line":95,"column":75}},"39":{"start":{"line":97,"column":4},"end":{"line":100,"column":7}},"40":{"start":{"line":102,"column":4},"end":{"line":102,"column":54}},"41":{"start":{"line":106,"column":17},"end":{"line":106,"column":72}},"42":{"start":{"line":108,"column":4},"end":{"line":108,"column":86}},"43":{"start":{"line":108,"column":15},"end":{"line":108,"column":86}},"44":{"start":{"line":110,"column":21},"end":{"line":110,"column":59}},"45":{"start":{"line":111,"column":27},"end":{"line":111,"column":51}},"46":{"start":{"line":112,"column":29},"end":{"line":112,"column":66}},"47":{"start":{"line":114,"column":4},"end":{"line":117,"column":7}},"48":{"start":{"line":119,"column":4},"end":{"line":119,"column":76}},"49":{"start":{"line":120,"column":4},"end":{"line":120,"column":75}},"50":{"start":{"line":124,"column":22},"end":{"line":124,"column":43}},"51":{"start":{"line":125,"column":17},"end":{"line":130,"column":6}},"52":{"start":{"line":131,"column":4},"end":{"line":131,"column":81}},"53":{"start":{"line":131,"column":15},"end":{"line":131,"column":81}},"54":{"start":{"line":133,"column":25},"end":{"line":133,"column":59}},"55":{"start":{"line":134,"column":4},"end":{"line":137,"column":7}},"56":{"start":{"line":139,"column":4},"end":{"line":139,"column":54}},"57":{"start":{"line":143,"column":19},"end":{"line":143,"column":61}},"58":{"start":{"line":144,"column":4},"end":{"line":144,"column":57}},"59":{"start":{"line":16,"column":13},"end":{"line":16,"column":24}},"60":{"start":{"line":16,"column":13},"end":{"line":146,"column":null}}},"fnMap":{"0":{"name":"(anonymous_2)","decl":{"start":{"line":17,"column":2},"end":{"line":17,"column":null}},"loc":{"start":{"line":21,"column":29},"end":{"line":22,"column":6}}},"1":{"name":"(anonymous_3)","decl":{"start":{"line":24,"column":10},"end":{"line":24,"column":19}},"loc":{"start":{"line":24,"column":33},"end":{"line":26,"column":3}}},"2":{"name":"(anonymous_4)","decl":{"start":{"line":28,"column":10},"end":{"line":28,"column":15}},"loc":{"start":{"line":28,"column":70},"end":{"line":41,"column":3}}},"3":{"name":"(anonymous_5)","decl":{"start":{"line":43,"column":2},"end":{"line":43,"column":7}},"loc":{"start":{"line":43,"column":33},"end":{"line":65,"column":3}}},"4":{"name":"(anonymous_6)","decl":{"start":{"line":67,"column":2},"end":{"line":67,"column":7}},"loc":{"start":{"line":67,"column":27},"end":{"line":88,"column":3}}},"5":{"name":"(anonymous_7)","decl":{"start":{"line":90,"column":2},"end":{"line":90,"column":7}},"loc":{"start":{"line":90,"column":33},"end":{"line":103,"column":3}}},"6":{"name":"(anonymous_8)","decl":{"start":{"line":105,"column":2},"end":{"line":105,"column":7}},"loc":{"start":{"line":105,"column":36},"end":{"line":121,"column":3}}},"7":{"name":"(anonymous_9)","decl":{"start":{"line":123,"column":2},"end":{"line":123,"column":7}},"loc":{"start":{"line":123,"column":56},"end":{"line":140,"column":3}}},"8":{"name":"(anonymous_10)","decl":{"start":{"line":142,"column":2},"end":{"line":142,"column":7}},"loc":{"start":{"line":142,"column":59},"end":{"line":145,"column":3}}}},"branchMap":{"0":{"loc":{"start":{"line":33,"column":19},"end":{"line":33,"column":65}},"type":"binary-expr","locations":[{"start":{"line":33,"column":19},"end":{"line":33,"column":57}},{"start":{"line":33,"column":61},"end":{"line":33,"column":65}}]},"1":{"loc":{"start":{"line":37,"column":19},"end":{"line":37,"column":66}},"type":"binary-expr","locations":[{"start":{"line":37,"column":19},"end":{"line":37,"column":58}},{"start":{"line":37,"column":62},"end":{"line":37,"column":66}}]},"2":{"loc":{"start":{"line":47,"column":4},"end":{"line":47,"column":70}},"type":"if","locations":[{"start":{"line":47,"column":4},"end":{"line":47,"column":70}},{"start":{},"end":{}}]},"3":{"loc":{"start":{"line":71,"column":4},"end":{"line":71,"column":70}},"type":"if","locations":[{"start":{"line":71,"column":4},"end":{"line":71,"column":70}},{"start":{},"end":{}}]},"4":{"loc":{"start":{"line":74,"column":4},"end":{"line":74,"column":79}},"type":"if","locations":[{"start":{"line":74,"column":4},"end":{"line":74,"column":79}},{"start":{},"end":{}}]},"5":{"loc":{"start":{"line":76,"column":4},"end":{"line":78,"column":5}},"type":"if","locations":[{"start":{"line":76,"column":4},"end":{"line":78,"column":5}},{"start":{},"end":{}}]},"6":{"loc":{"start":{"line":95,"column":4},"end":{"line":95,"column":75}},"type":"if","locations":[{"start":{"line":95,"column":4},"end":{"line":95,"column":75}},{"start":{},"end":{}}]},"7":{"loc":{"start":{"line":108,"column":4},"end":{"line":108,"column":86}},"type":"if","locations":[{"start":{"line":108,"column":4},"end":{"line":108,"column":86}},{"start":{},"end":{}}]},"8":{"loc":{"start":{"line":131,"column":4},"end":{"line":131,"column":81}},"type":"if","locations":[{"start":{"line":131,"column":4},"end":{"line":131,"column":81}},{"start":{},"end":{}}]}},"s":{"0":1,"1":1,"2":1,"3":1,"4":1,"5":1,"6":1,"7":1,"8":12,"9":12,"10":12,"11":12,"12":6,"13":1,"14":1,"15":1,"16":2,"17":2,"18":1,"19":1,"20":1,"21":1,"22":1,"23":1,"24":1,"25":4,"26":4,"27":1,"28":3,"29":3,"30":1,"31":2,"32":1,"33":1,"34":1,"35":2,"36":2,"37":2,"38":1,"39":1,"40":1,"41":2,"42":2,"43":1,"44":1,"45":1,"46":1,"47":1,"48":1,"49":1,"50":2,"51":2,"52":2,"53":1,"54":1,"55":1,"56":1,"57":0,"58":0,"59":1,"60":1},"f":{"0":12,"1":6,"2":1,"3":2,"4":4,"5":2,"6":2,"7":2,"8":0},"b":{"0":[1,1],"1":[1,1],"2":[1,1],"3":[1,3],"4":[1,2],"5":[1,1],"6":[1,1],"7":[1,1],"8":[1,1]}}
,"/Users/maroh/Documents/GitHub/tobams-academy/backend/src/users/users.service.ts": {"path":"/Users/maroh/Documents/GitHub/tobams-academy/backend/src/users/users.service.ts","statementMap":{"0":{"start":{"line":1,"column":0},"end":{"line":1,"column":63}},"1":{"start":{"line":2,"column":0},"end":{"line":2,"column":57}},"2":{"start":{"line":6,"column":7},"end":{"line":28,"column":null}},"3":{"start":{"line":7,"column":22},"end":{"line":7,"column":30}},"4":{"start":{"line":11,"column":89},"end":{"line":11,"column":93}},"5":{"start":{"line":12,"column":4},"end":{"line":12,"column":16}},"6":{"start":{"line":16,"column":17},"end":{"line":16,"column":69}},"7":{"start":{"line":17,"column":4},"end":{"line":17,"column":61}},"8":{"start":{"line":17,"column":15},"end":{"line":17,"column":61}},"9":{"start":{"line":18,"column":4},"end":{"line":18,"column":58}},"10":{"start":{"line":22,"column":17},"end":{"line":25,"column":6}},"11":{"start":{"line":26,"column":4},"end":{"line":26,"column":58}},"12":{"start":{"line":6,"column":13},"end":{"line":6,"column":25}},"13":{"start":{"line":6,"column":13},"end":{"line":28,"column":null}}},"fnMap":{"0":{"name":"(anonymous_2)","decl":{"start":{"line":7,"column":2},"end":{"line":7,"column":22}},"loc":{"start":{"line":7,"column":43},"end":{"line":7,"column":47}}},"1":{"name":"(anonymous_3)","decl":{"start":{"line":9,"column":10},"end":{"line":9,"column":18}},"loc":{"start":{"line":9,"column":48},"end":{"line":13,"column":3}}},"2":{"name":"(anonymous_4)","decl":{"start":{"line":15,"column":2},"end":{"line":15,"column":7}},"loc":{"start":{"line":15,"column":27},"end":{"line":19,"column":3}}},"3":{"name":"(anonymous_5)","decl":{"start":{"line":21,"column":2},"end":{"line":21,"column":7}},"loc":{"start":{"line":21,"column":55},"end":{"line":27,"column":3}}}},"branchMap":{"0":{"loc":{"start":{"line":17,"column":4},"end":{"line":17,"column":61}},"type":"if","locations":[{"start":{"line":17,"column":4},"end":{"line":17,"column":61}},{"start":{},"end":{}}]}},"s":{"0":1,"1":1,"2":1,"3":3,"4":2,"5":2,"6":2,"7":2,"8":1,"9":1,"10":1,"11":1,"12":1,"13":1},"f":{"0":3,"1":2,"2":2,"3":1},"b":{"0":[1,1]}}
}
