TN:
SF:src/auth/auth.service.ts
FN:17,(anonymous_2)
FN:24,(anonymous_3)
FN:28,(anonymous_4)
FN:43,(anonymous_5)
FN:67,(anonymous_6)
FN:90,(anonymous_7)
FN:105,(anonymous_8)
FN:123,(anonymous_9)
FN:142,(anonymous_10)
FNF:9
FNH:8
FNDA:12,(anonymous_2)
FNDA:6,(anonymous_3)
FNDA:1,(anonymous_4)
FNDA:2,(anonymous_5)
FNDA:4,(anonymous_6)
FNDA:2,(anonymous_7)
FNDA:2,(anonymous_8)
FNDA:2,(anonymous_9)
FNDA:0,(anonymous_10)
DA:1,1
DA:6,1
DA:7,1
DA:8,1
DA:9,1
DA:10,1
DA:11,1
DA:16,1
DA:18,12
DA:19,12
DA:20,12
DA:21,12
DA:25,6
DA:29,1
DA:30,1
DA:40,1
DA:44,2
DA:47,2
DA:49,1
DA:50,1
DA:51,1
DA:53,1
DA:62,1
DA:64,1
DA:68,4
DA:71,4
DA:73,3
DA:74,3
DA:76,2
DA:77,1
DA:80,1
DA:81,1
DA:91,2
DA:92,2
DA:95,2
DA:97,1
DA:102,1
DA:106,2
DA:108,2
DA:110,1
DA:111,1
DA:112,1
DA:114,1
DA:119,1
DA:120,1
DA:124,2
DA:125,2
DA:131,2
DA:133,1
DA:134,1
DA:139,1
DA:143,0
DA:144,0
LF:53
LH:51
BRDA:33,0,0,1
BRDA:33,0,1,1
BRDA:37,1,0,1
BRDA:37,1,1,1
BRDA:47,2,0,1
BRDA:47,2,1,1
BRDA:71,3,0,1
BRDA:71,3,1,3
BRDA:74,4,0,1
BRDA:74,4,1,2
BRDA:76,5,0,1
BRDA:76,5,1,1
BRDA:95,6,0,1
BRDA:95,6,1,1
BRDA:108,7,0,1
BRDA:108,7,1,1
BRDA:131,8,0,1
BRDA:131,8,1,1
BRF:18
BRH:18
end_of_record
TN:
SF:src/users/users.service.ts
FN:7,(anonymous_2)
FN:9,(anonymous_3)
FN:15,(anonymous_4)
FN:21,(anonymous_5)
FNF:4
FNH:4
FNDA:3,(anonymous_2)
FNDA:2,(anonymous_3)
FNDA:2,(anonymous_4)
FNDA:1,(anonymous_5)
DA:1,1
DA:2,1
DA:6,1
DA:7,3
DA:11,2
DA:12,2
DA:16,2
DA:17,2
DA:18,1
DA:22,1
DA:26,1
LF:11
LH:11
BRDA:17,0,0,1
BRDA:17,0,1,1
BRF:2
BRH:2
end_of_record
