TN:
SF:src\auth\auth.service.ts
FN:17,(anonymous_2)
FN:24,(anonymous_3)
FN:28,(anonymous_4)
FN:43,(anonymous_5)
FN:67,(anonymous_6)
FN:90,(anonymous_7)
FN:105,(anonymous_8)
FN:123,(anonymous_9)
FN:142,(anonymous_10)
FNF:9
FNH:8
FNDA:12,(anonymous_2)
FNDA:6,(anonymous_3)
FNDA:1,(anonymous_4)
FNDA:2,(anonymous_5)
FNDA:4,(anonymous_6)
FNDA:2,(anonymous_7)
FNDA:2,(anonymous_8)
FNDA:2,(anonymous_9)
FNDA:0,(anonymous_10)
DA:1,1
DA:6,1
DA:7,1
DA:8,1
DA:9,1
DA:10,1
DA:11,1
DA:16,1
DA:18,12
DA:19,12
DA:20,12
DA:21,12
DA:25,6
DA:29,1
DA:30,1
DA:40,1
DA:44,2
DA:47,2
DA:49,1
DA:50,1
DA:51,1
DA:53,1
DA:62,1
DA:64,1
DA:68,4
DA:71,4
DA:73,3
DA:74,3
DA:76,2
DA:77,1
DA:80,1
DA:81,1
DA:91,2
DA:92,2
DA:95,2
DA:97,1
DA:102,1
DA:106,2
DA:108,2
DA:110,1
DA:111,1
DA:112,1
DA:114,1
DA:119,1
DA:120,1
DA:124,2
DA:125,2
DA:131,2
DA:133,1
DA:134,1
DA:139,1
DA:143,0
DA:144,0
LF:53
LH:51
BRDA:33,0,0,1
BRDA:33,0,1,1
BRDA:37,1,0,1
BRDA:37,1,1,1
BRDA:47,2,0,1
BRDA:47,2,1,1
BRDA:71,3,0,1
BRDA:71,3,1,3
BRDA:74,4,0,1
BRDA:74,4,1,2
BRDA:76,5,0,1
BRDA:76,5,1,1
BRDA:95,6,0,1
BRDA:95,6,1,1
BRDA:108,7,0,1
BRDA:108,7,1,1
BRDA:131,8,0,1
BRDA:131,8,1,1
BRF:18
BRH:18
end_of_record
TN:
SF:src\categories\categories.service.ts
FN:6,(anonymous_2)
FN:8,(anonymous_3)
FNF:2
FNH:2
FNDA:1,(anonymous_2)
FNDA:1,(anonymous_3)
DA:1,1
DA:2,1
DA:5,1
DA:6,1
DA:9,1
LF:5
LH:5
BRF:0
BRH:0
end_of_record
TN:
SF:src\courses\courses.service.ts
FN:22,(anonymous_2)
FN:24,(anonymous_3)
FN:54,(anonymous_4)
FN:63,(anonymous_5)
FNF:4
FNH:4
FNDA:6,(anonymous_2)
FNDA:3,(anonymous_3)
FNDA:1,(anonymous_4)
FNDA:2,(anonymous_5)
DA:1,1
DA:2,1
DA:5,1
DA:21,1
DA:22,6
DA:25,3
DA:26,3
DA:28,3
DA:29,3
DA:30,3
DA:31,1
DA:37,3
DA:48,3
DA:55,1
DA:64,2
LF:15
LH:15
BRDA:29,0,0,1
BRDA:29,0,1,2
BRDA:30,1,0,1
BRDA:30,1,1,2
BRF:4
BRH:4
end_of_record
TN:
SF:src\payments\payments.service.ts
FN:14,(anonymous_2)
FN:16,(anonymous_3)
FN:44,(anonymous_4)
FN:73,(anonymous_5)
FN:143,(anonymous_6)
FNF:5
FNH:5
FNDA:11,(anonymous_2)
FNDA:4,(anonymous_3)
FNDA:1,(anonymous_4)
FNDA:5,(anonymous_5)
FNDA:2,(anonymous_6)
DA:1,1
DA:6,1
DA:9,1
DA:13,1
DA:14,11
DA:17,4
DA:19,4
DA:23,4
DA:24,1
DA:27,3
DA:28,1
DA:31,2
DA:40,2
DA:41,1
DA:44,1
DA:45,1
DA:55,1
DA:62,1
DA:65,1
DA:74,5
DA:76,5
DA:77,5
DA:79,5
DA:80,5
DA:82,5
DA:83,1
DA:84,1
DA:87,5
DA:109,5
DA:130,5
DA:132,5
DA:144,2
DA:148,2
DA:149,1
DA:152,1
DA:156,1
LF:36
LH:36
BRDA:23,0,0,1
BRDA:23,0,1,3
BRDA:27,1,0,1
BRDA:27,1,1,2
BRDA:40,2,0,1
BRDA:40,2,1,1
BRDA:74,3,0,0
BRDA:74,4,0,0
BRDA:82,5,0,1
BRDA:82,5,1,4
BRDA:90,6,0,5
BRDA:90,6,1,1
BRDA:92,7,0,5
BRDA:92,7,1,1
BRDA:99,8,0,5
BRDA:99,8,1,1
BRDA:148,9,0,1
BRDA:148,9,1,1
BRF:18
BRH:16
end_of_record
TN:
SF:src\users\users.service.ts
FN:7,(anonymous_2)
FN:9,(anonymous_3)
FN:15,(anonymous_4)
FN:21,(anonymous_5)
FNF:4
FNH:4
FNDA:3,(anonymous_2)
FNDA:2,(anonymous_3)
FNDA:2,(anonymous_4)
FNDA:1,(anonymous_5)
DA:1,1
DA:2,1
DA:6,1
DA:7,3
DA:11,2
DA:12,2
DA:16,2
DA:17,2
DA:18,1
DA:22,1
DA:26,1
LF:11
LH:11
BRDA:17,0,0,1
BRDA:17,0,1,1
BRF:2
BRH:2
end_of_record
